<?xml version="1.0" encoding="UTF-8"?>
<testng-results total="1" passed="1" failed="0" skipped="0">
  <reporter-output>
  </reporter-output>
  <suite started-at="2020-10-08T04:12:54Z" name="Suite" finished-at="2020-10-08T04:13:02Z" duration-ms="8192">
    <groups>
    </groups>
    <test started-at="2020-10-08T04:12:54Z" name="Test" finished-at="2020-10-08T04:13:02Z" duration-ms="8192">
      <class name="example.NewTest">
        <test-method is-config="true" signature="beforeTest()[pri:0, instance:example.NewTest@4b8729ff]" started-at="2020-10-08T00:12:54Z" name="beforeTest" finished-at="2020-10-08T00:12:59Z" duration-ms="4654" status="PASS">
          <reporter-output>
          </reporter-output>
        </test-method> <!-- beforeTest -->
        <test-method signature="f()[pri:0, instance:example.NewTest@4b8729ff]" started-at="2020-10-08T00:12:59Z" name="f" finished-at="2020-10-08T00:13:01Z" duration-ms="2276" status="PASS">
          <reporter-output>
          </reporter-output>
        </test-method> <!-- f -->
        <test-method is-config="true" signature="afterTest()[pri:0, instance:example.NewTest@4b8729ff]" started-at="2020-10-08T00:13:01Z" name="afterTest" finished-at="2020-10-08T00:13:02Z" duration-ms="1255" status="PASS">
          <reporter-output>
          </reporter-output>
        </test-method> <!-- afterTest -->
      </class> <!-- example.NewTest -->
    </test> <!-- Test -->
  </suite> <!-- Suite -->
</testng-results>
